<?xml version="1.0" encoding="UTF-8"?>
<!-- Generated by org.testng.reporters.JUnitReportReporter -->
<testsuite hostname="Abhi" failures="0" tests="1" name="com.Selenium.Locators.LinkTextAndPartialLinkText" time="1.447" errors="1" timestamp="2026-08-13T10:59:08 IST" skipped="0">
  <testcase classname="com.Selenium.Locators.LinkTextAndPartialLinkText" name="linkTest" time="1.447">
    <error message="element click intercepted: Element &lt;a data-name=&quot;category-button&quot; href=&quot;/shop/vitamins-supplements/&quot; tabindex=&quot;0&quot; class=&quot;b_gz48b b_Gj9Us b_7kEf- b_eM50D TopCategories-module_button__xRVpg&quot;&gt;...&lt;/a&gt; is not clickable at point (562, 168). Other element would receive the click: &lt;div class=&quot;onetrust-pc-dark-filter ot-fade-in&quot; style=&quot;z-index:2147483645;&quot;&gt;&lt;/div&gt;
  (Session info: chrome=151.0.7922.110)
Build info: version: &#039;4.45.0&#039;, revision: &#039;cd6a3cd cd6a3cdfca6970f62e5bc8344109d0fe0e2af05e&#039;
System info: os.name: &#039;Windows 11&#039;, os.arch: &#039;amd64&#039;, os.version: &#039;10.0&#039;, java.version: &#039;26.0.2&#039;
Driver info: org.openqa.selenium.chrome.ChromeDriver
Command: [7d9615add799e0e6a92544aa9c5ee0d3, clickElement {id=f.CFF94EF99A08A2601843C516571AB7C9.d.D54EEB75A6EBEE95D48169FAF4D31268.e.83}]
Capabilities {acceptInsecureCerts: false, browserName: chrome, browserVersion: 151.0.7922.110, chrome: {chromedriverVersion: 151.0.7922.138 (41fa8244239..., userDataDir: C:\Users\Abhid\AppData\Loca...}, fedcm:accounts: true, goog:chromeOptions: {debuggerAddress: localhost:57994}, goog:processID: 1716, networkConnectionEnabled: false, pageLoadStrategy: normal, platformName: windows, proxy: Proxy(), se:cdp: ws://localhost:57994/devtoo..., se:cdpVersion: 151.0.7922.110, setWindowRect: true, strictFileInteractability: false, timeouts: {implicit: 0, pageLoad: 300000, script: 30000}, unhandledPromptBehavior: dismiss and notify, webauthn:extension:credBlob: true, webauthn:extension:largeBlob: true, webauthn:extension:minPinLength: true, webauthn:extension:prf: true, webauthn:virtualAuthenticators: true}
Element: [[ChromeDriver: chrome on windows (7d9615add799e0e6a92544aa9c5ee0d3)] -&gt; partial link text: Vitamins]
Session ID: 7d9615add799e0e6a92544aa9c5ee0d3" type="org.openqa.selenium.ElementClickInterceptedException">
      <![CDATA[org.openqa.selenium.ElementClickInterceptedException: element click intercepted: Element <a data-name="category-button" href="/shop/vitamins-supplements/" tabindex="0" class="b_gz48b b_Gj9Us b_7kEf- b_eM50D TopCategories-module_button__xRVpg">...</a> is not clickable at point (562, 168). Other element would receive the click: <div class="onetrust-pc-dark-filter ot-fade-in" style="z-index:2147483645;"></div>
  (Session info: chrome=151.0.7922.110)
Build info: version: '4.45.0', revision: 'cd6a3cd cd6a3cdfca6970f62e5bc8344109d0fe0e2af05e'
System info: os.name: 'Windows 11', os.arch: 'amd64', os.version: '10.0', java.version: '26.0.2'
Driver info: org.openqa.selenium.chrome.ChromeDriver
Command: [7d9615add799e0e6a92544aa9c5ee0d3, clickElement {id=f.CFF94EF99A08A2601843C516571AB7C9.d.D54EEB75A6EBEE95D48169FAF4D31268.e.83}]
Capabilities {acceptInsecureCerts: false, browserName: chrome, browserVersion: 151.0.7922.110, chrome: {chromedriverVersion: 151.0.7922.138 (41fa8244239..., userDataDir: C:\Users\Abhid\AppData\Loca...}, fedcm:accounts: true, goog:chromeOptions: {debuggerAddress: localhost:57994}, goog:processID: 1716, networkConnectionEnabled: false, pageLoadStrategy: normal, platformName: windows, proxy: Proxy(), se:cdp: ws://localhost:57994/devtoo..., se:cdpVersion: 151.0.7922.110, setWindowRect: true, strictFileInteractability: false, timeouts: {implicit: 0, pageLoad: 300000, script: 30000}, unhandledPromptBehavior: dismiss and notify, webauthn:extension:credBlob: true, webauthn:extension:largeBlob: true, webauthn:extension:minPinLength: true, webauthn:extension:prf: true, webauthn:virtualAuthenticators: true}
Element: [[ChromeDriver: chrome on windows (7d9615add799e0e6a92544aa9c5ee0d3)] -> partial link text: Vitamins]
Session ID: 7d9615add799e0e6a92544aa9c5ee0d3
at org.openqa.selenium.remote.ErrorCodec.decode(ErrorCodec.java:169)
at org.openqa.selenium.remote.codec.w3c.W3CHttpResponseCodec.decode(W3CHttpResponseCodec.java:143)
at org.openqa.selenium.remote.codec.w3c.W3CHttpResponseCodec.decode(W3CHttpResponseCodec.java:50)
at org.openqa.selenium.remote.HttpCommandExecutor.execute(HttpCommandExecutor.java:196)
at org.openqa.selenium.remote.service.DriverCommandExecutor.invokeExecute(DriverCommandExecutor.java:217)
at org.openqa.selenium.remote.service.DriverCommandExecutor.execute(DriverCommandExecutor.java:175)
at org.openqa.selenium.remote.RemoteWebDriver.execute(RemoteWebDriver.java:575)
at org.openqa.selenium.remote.RemoteWebElement.execute(RemoteWebElement.java:225)
at org.openqa.selenium.remote.RemoteWebElement.click(RemoteWebElement.java:79)
at com.Selenium.Locators.LinkTextAndPartialLinkText.linkTest(LinkTextAndPartialLinkText.java:31)
at java.base/jdk.internal.reflect.DirectMethodHandleAccessor.invoke(DirectMethodHandleAccessor.java:104)
at java.base/java.lang.reflect.Method.invoke(Method.java:565)
at org.testng.internal.invokers.MethodInvocationHelper.invokeMethod(MethodInvocationHelper.java:141)
at org.testng.internal.invokers.TestInvoker.invokeMethod(TestInvoker.java:697)
at org.testng.internal.invokers.TestInvoker.invokeTestMethod(TestInvoker.java:230)
at org.testng.internal.invokers.MethodRunner.runInSequence(MethodRunner.java:63)
at org.testng.internal.invokers.TestInvoker$MethodInvocationAgent.invoke(TestInvoker.java:1005)
at org.testng.internal.invokers.TestInvoker.invokeTestMethods(TestInvoker.java:203)
at org.testng.internal.invokers.TestMethodWorker.invokeTestMethods(TestMethodWorker.java:154)
at org.testng.internal.invokers.TestMethodWorker.run(TestMethodWorker.java:134)
at java.base/java.util.ArrayList.forEach(ArrayList.java:1612)
at org.testng.TestRunner.privateRun(TestRunner.java:744)
at org.testng.TestRunner.run(TestRunner.java:616)
at org.testng.SuiteRunner.runTest(SuiteRunner.java:421)
at org.testng.SuiteRunner.runSequentially(SuiteRunner.java:413)
at org.testng.SuiteRunner.privateRun(SuiteRunner.java:373)
at org.testng.SuiteRunner.run(SuiteRunner.java:312)
at org.testng.SuiteRunnerWorker.runSuite(SuiteRunnerWorker.java:52)
at org.testng.SuiteRunnerWorker.run(SuiteRunnerWorker.java:95)
at org.testng.TestNG.runSuitesSequentially(TestNG.java:1274)
at org.testng.TestNG.runSuitesLocally(TestNG.java:1208)
at org.testng.TestNG.runSuites(TestNG.java:1112)
at org.testng.TestNG.run(TestNG.java:1079)
at org.testng.remote.AbstractRemoteTestNG.run(AbstractRemoteTestNG.java:115)
at org.testng.remote.RemoteTestNG.initAndRun(RemoteTestNG.java:293)
at org.testng.remote.RemoteTestNG.main(RemoteTestNG.java:91)
]]>
    </error>
  </testcase> <!-- linkTest -->
</testsuite> <!-- com.Selenium.Locators.LinkTextAndPartialLinkText -->
